\BOOKMARK [0][-]{chapter.1}{Einleitung}{}% 1
\BOOKMARK [1][-]{section.1.1}{Rahmenbedingungen}{chapter.1}% 2
\BOOKMARK [1][-]{section.1.2}{Prozess-Anforderungen}{chapter.1}% 3
\BOOKMARK [1][-]{section.1.3}{M\366gliche Themen}{chapter.1}% 4
\BOOKMARK [0][-]{chapter.2}{Wasserfallmodell mit R\374cksprung}{}% 5
\BOOKMARK [1][-]{section.2.1}{Definition}{chapter.2}% 6
\BOOKMARK [1][-]{section.2.2}{Warum dieses Modell?}{chapter.2}% 7
\BOOKMARK [0][-]{chapter.3}{Definition des Projekts}{}% 8
\BOOKMARK [1][-]{section.3.1}{Definition des MPD}{chapter.3}% 9
\BOOKMARK [2][-]{subsection.3.1.1}{Der MPD kann:}{section.3.1}% 10
\BOOKMARK [2][-]{subsection.3.1.2}{Der MPD kann nicht:}{section.3.1}% 11
\BOOKMARK [1][-]{section.3.2}{Definiton des MPD-Client}{chapter.3}% 12
\BOOKMARK [1][-]{section.3.3}{Grafische \334bersicht}{chapter.3}% 13
\BOOKMARK [0][-]{chapter.4}{Lastenheft}{}% 14
\BOOKMARK [1][-]{section.4.1}{Zielbestimmungen}{chapter.4}% 15
\BOOKMARK [1][-]{section.4.2}{Projektbeteiligte}{chapter.4}% 16
\BOOKMARK [0][-]{chapter.5}{Produkteinsatz}{}% 17
\BOOKMARK [0][-]{chapter.6}{Produktfunktionen}{}% 18
\BOOKMARK [1][-]{section.6.1}{Benutzerfunktionen}{chapter.6}% 19
\BOOKMARK [2][-]{subsection.6.1.1}{Starten und Beenden}{section.6.1}% 20
\BOOKMARK [2][-]{subsection.6.1.2}{Pers\366nliche Daten}{section.6.1}% 21
\BOOKMARK [2][-]{subsection.6.1.3}{Pers\366nliches Profil}{section.6.1}% 22
\BOOKMARK [2][-]{subsection.6.1.4}{Pers\366nliche Datenbank}{section.6.1}% 23
\BOOKMARK [2][-]{subsection.6.1.5}{Kommunikation \(Chat\)}{section.6.1}% 24
\BOOKMARK [2][-]{subsection.6.1.6}{Suchen}{section.6.1}% 25
\BOOKMARK [1][-]{section.6.2}{Administrator-Funktionen}{chapter.6}% 26
\BOOKMARK [0][-]{chapter.7}{Produktdaten}{}% 27
\BOOKMARK [0][-]{chapter.8}{Produktleistungen}{}% 28
\BOOKMARK [0][-]{chapter.9}{Qualit\344tsanforderungen}{}% 29
\BOOKMARK [0][-]{chapter.10}{Erg\344nzungen}{}% 30
\BOOKMARK [1][-]{section.10.1}{Realisierung}{chapter.10}% 31
\BOOKMARK [1][-]{section.10.2}{Die n\344chste Version}{chapter.10}% 32
\BOOKMARK [0][-]{chapter.11}{Zielbestimmungen}{}% 33
\BOOKMARK [1][-]{section.11.1}{Muss-Kriterien}{chapter.11}% 34
\BOOKMARK [1][-]{section.11.2}{Wunsch-Kriterien}{chapter.11}% 35
\BOOKMARK [1][-]{section.11.3}{Abgrenzungskriterien}{chapter.11}% 36
\BOOKMARK [0][-]{chapter.12}{Produkteinsatz}{}% 37
\BOOKMARK [1][-]{section.12.1}{Anwendungsbereiche}{chapter.12}% 38
\BOOKMARK [1][-]{section.12.2}{Zielgruppen}{chapter.12}% 39
\BOOKMARK [1][-]{section.12.3}{Betriebsbedingungen}{chapter.12}% 40
\BOOKMARK [0][-]{chapter.13}{Produktumgebung}{}% 41
\BOOKMARK [1][-]{section.13.1}{Software}{chapter.13}% 42
\BOOKMARK [1][-]{section.13.2}{Hardware}{chapter.13}% 43
\BOOKMARK [1][-]{section.13.3}{Orgware}{chapter.13}% 44
\BOOKMARK [0][-]{chapter.14}{Produktfunktionen}{}% 45
\BOOKMARK [1][-]{section.14.1}{Allgemeine Funktionen}{chapter.14}% 46
\BOOKMARK [2][-]{subsection.14.1.1}{Starten und Beenden}{section.14.1}% 47
\BOOKMARK [1][-]{section.14.2}{Benutzerfunktionen}{chapter.14}% 48
\BOOKMARK [2][-]{subsection.14.2.1}{Benutzer-Kennung}{section.14.2}% 49
\BOOKMARK [2][-]{subsection.14.2.2}{Pers\366nliche Daten}{section.14.2}% 50
\BOOKMARK [2][-]{subsection.14.2.3}{Pers\366nliche Konfiguration}{section.14.2}% 51
\BOOKMARK [2][-]{subsection.14.2.4}{Pers\366nliches Profil}{section.14.2}% 52
\BOOKMARK [2][-]{subsection.14.2.5}{Pers\366nliche Datenbank}{section.14.2}% 53
\BOOKMARK [2][-]{subsection.14.2.6}{Kommunikation \(Chat\)}{section.14.2}% 54
\BOOKMARK [2][-]{subsection.14.2.7}{Suchen}{section.14.2}% 55
\BOOKMARK [1][-]{section.14.3}{Abspielfunktionen}{chapter.14}% 56
\BOOKMARK [2][-]{subsection.14.3.1}{Initialisierung}{section.14.3}% 57
\BOOKMARK [2][-]{subsection.14.3.2}{Verlauf}{section.14.3}% 58
\BOOKMARK [1][-]{section.14.4}{Administrator-Funktionen}{chapter.14}% 59
\BOOKMARK [0][-]{chapter.15}{Produktdaten}{}% 60
\BOOKMARK [0][-]{chapter.16}{Produktleistungen}{}% 61
\BOOKMARK [0][-]{chapter.17}{Benutzeroberfl\344che}{}% 62
\BOOKMARK [1][-]{section.17.1}{Bildschirmlayout}{chapter.17}% 63
\BOOKMARK [2][-]{subsection.17.1.1}{Startbildschirm}{section.17.1}% 64
\BOOKMARK [2][-]{subsection.17.1.2}{Einstellungsfenster}{section.17.1}% 65
\BOOKMARK [2][-]{subsection.17.1.3}{Verbindungsfenster}{section.17.1}% 66
\BOOKMARK [2][-]{subsection.17.1.4}{Benutzermen\374}{section.17.1}% 67
\BOOKMARK [0][-]{chapter.18}{Produktmodellierung}{}% 68
\BOOKMARK [0][-]{chapter.19}{Qualit\344tszielbestimmungen}{}% 69
\BOOKMARK [0][-]{chapter.20}{Globale Testszenarien und Testf\344lle}{}% 70
\BOOKMARK [0][-]{chapter.21}{Entwicklungsumgebung}{}% 71
\BOOKMARK [1][-]{section.21.1}{Software}{chapter.21}% 72
\BOOKMARK [1][-]{section.21.2}{Hardware}{chapter.21}% 73
\BOOKMARK [1][-]{section.21.3}{Orgware}{chapter.21}% 74
\BOOKMARK [0][-]{chapter.22}{Erg\344nzungen}{}% 75
\BOOKMARK [0][-]{chapter.23}{Glossar}{}% 76
