\BOOKMARK [0][-]{chapter.1}{Zielbestimmung}{}% 1
\BOOKMARK [1][-]{section.1.1}{Platzhalter}{chapter.1}% 2
\BOOKMARK [2][-]{subsection.1.1.1}{Platzhalter}{section.1.1}% 3
\BOOKMARK [0][-]{chapter.2}{Produkteinsatz}{}% 4
\BOOKMARK [1][-]{section.2.1}{Platzhalter}{chapter.2}% 5
\BOOKMARK [2][-]{subsection.2.1.1}{Platzhalter}{section.2.1}% 6
\BOOKMARK [0][-]{chapter.3}{Produkt\374bersicht}{}% 7
\BOOKMARK [1][-]{section.3.1}{Platzhalter}{chapter.3}% 8
\BOOKMARK [2][-]{subsection.3.1.1}{Platzhalter}{section.3.1}% 9
\BOOKMARK [0][-]{chapter.4}{Produktfunktionen}{}% 10
\BOOKMARK [1][-]{section.4.1}{Platzhalter}{chapter.4}% 11
\BOOKMARK [2][-]{subsection.4.1.1}{Platzhalter}{section.4.1}% 12
\BOOKMARK [0][-]{chapter.5}{Produktdaten}{}% 13
\BOOKMARK [1][-]{section.5.1}{Platzhalter}{chapter.5}% 14
\BOOKMARK [2][-]{subsection.5.1.1}{Platzhalter}{section.5.1}% 15
\BOOKMARK [0][-]{chapter.6}{Produktleistungen}{}% 16
\BOOKMARK [1][-]{section.6.1}{Platzhalter}{chapter.6}% 17
\BOOKMARK [2][-]{subsection.6.1.1}{Platzhalter}{section.6.1}% 18
\BOOKMARK [0][-]{chapter.7}{Qualit\344tsanforderungen}{}% 19
\BOOKMARK [1][-]{section.7.1}{Platzhalter}{chapter.7}% 20
\BOOKMARK [2][-]{subsection.7.1.1}{Platzhalter}{section.7.1}% 21
\BOOKMARK [0][-]{chapter.8}{Benutzungsoberfl\344che}{}% 22
\BOOKMARK [1][-]{section.8.1}{Platzhalter}{chapter.8}% 23
\BOOKMARK [2][-]{subsection.8.1.1}{Platzhalter}{section.8.1}% 24
\BOOKMARK [0][-]{chapter.9}{Nichtfunktionale Anforderungen}{}% 25
\BOOKMARK [1][-]{section.9.1}{Platzhalter}{chapter.9}% 26
\BOOKMARK [2][-]{subsection.9.1.1}{Platzhalter}{section.9.1}% 27
\BOOKMARK [0][-]{chapter.10}{Technische Produktumgebung}{}% 28
\BOOKMARK [1][-]{section.10.1}{Platzhalter}{chapter.10}% 29
\BOOKMARK [2][-]{subsection.10.1.1}{Platzhalter}{section.10.1}% 30
\BOOKMARK [0][-]{chapter.11}{Spezielle Anforderungen an die Entwicklungsumgebung}{}% 31
\BOOKMARK [1][-]{section.11.1}{Platzhalter}{chapter.11}% 32
\BOOKMARK [2][-]{subsection.11.1.1}{Platzhalter}{section.11.1}% 33
\BOOKMARK [0][-]{chapter.12}{Gliederung in Teilprodukte}{}% 34
\BOOKMARK [1][-]{section.12.1}{Platzhalter}{chapter.12}% 35
\BOOKMARK [2][-]{subsection.12.1.1}{Platzhalter}{section.12.1}% 36
\BOOKMARK [0][-]{chapter.13}{Erg\344nzungen}{}% 37
\BOOKMARK [1][-]{section.13.1}{Platzhalter}{chapter.13}% 38
\BOOKMARK [2][-]{subsection.13.1.1}{Platzhalter}{section.13.1}% 39
\BOOKMARK [0][-]{chapter.14}{Glossar}{}% 40
\BOOKMARK [1][-]{section.14.1}{Platzhalter}{chapter.14}% 41
\BOOKMARK [2][-]{subsection.14.1.1}{Platzhalter}{section.14.1}% 42
