\BOOKMARK [0][-]{chapter.1}{Einleitung}{}% 1
\BOOKMARK [1][-]{section.1.1}{Rahmenbedingungen}{chapter.1}% 2
\BOOKMARK [1][-]{section.1.2}{Prozess-Anforderungen}{chapter.1}% 3
\BOOKMARK [0][-]{chapter.2}{Wasserfallmodell mit R\374cksprung}{}% 4
\BOOKMARK [1][-]{section.2.1}{Definition}{chapter.2}% 5
\BOOKMARK [1][-]{section.2.2}{Warum dieses Modell?}{chapter.2}% 6
\BOOKMARK [0][-]{chapter.3}{Definition des Projekts}{}% 7
\BOOKMARK [1][-]{section.3.1}{Definition des MPD}{chapter.3}% 8
\BOOKMARK [2][-]{subsection.3.1.1}{Der MPD kann:}{section.3.1}% 9
\BOOKMARK [2][-]{subsection.3.1.2}{Der MPD kann nicht:}{section.3.1}% 10
\BOOKMARK [1][-]{section.3.2}{Definiton des MPD-Client}{chapter.3}% 11
\BOOKMARK [1][-]{section.3.3}{Grafische \334bersicht}{chapter.3}% 12
\BOOKMARK [0][-]{chapter.4}{Anforderungen}{}% 13
\BOOKMARK [1][-]{section.4.1}{Anforderungen aus Entwicklersicht}{chapter.4}% 14
\BOOKMARK [1][-]{section.4.2}{Anforderungen aus Anwendersicht}{chapter.4}% 15
\BOOKMARK [0][-]{chapter.5}{Funktionen des MPD-Client}{}% 16
\BOOKMARK [1][-]{section.5.1}{MUSS f\374r unseren MPD-Client}{chapter.5}% 17
\BOOKMARK [1][-]{section.5.2}{KANN f\374r unseren MPD-Client}{chapter.5}% 18
\BOOKMARK [0][-]{chapter.6}{Abh\344ngigkeiten}{}% 19
\BOOKMARK [1][-]{section.6.1}{Allgemeine Abh\344ngigkeiten}{chapter.6}% 20
\BOOKMARK [1][-]{section.6.2}{Entwicklungsabh\344ngigkeiten}{chapter.6}% 21
\BOOKMARK [0][-]{chapter.7}{Programmierrichtlinien}{}% 22
