\BOOKMARK [0][-]{chapter.1}{Einleitung}{}% 1
\BOOKMARK [1][-]{section.1.1}{Rahmenbedingungen}{chapter.1}% 2
\BOOKMARK [1][-]{section.1.2}{Prozess-Anforderungen}{chapter.1}% 3
\BOOKMARK [1][-]{section.1.3}{M\366gliche Themen}{chapter.1}% 4
\BOOKMARK [0][-]{chapter.2}{Wasserfallmodell mit R\374cksprung}{}% 5
\BOOKMARK [1][-]{section.2.1}{Definition}{chapter.2}% 6
\BOOKMARK [1][-]{section.2.2}{Warum dieses Modell?}{chapter.2}% 7
\BOOKMARK [0][-]{chapter.3}{Richtlinien}{}% 8
\BOOKMARK [1][-]{section.3.1}{Programmierrichtlinien}{chapter.3}% 9
\BOOKMARK [2][-]{subsection.3.1.1}{Begr\374ndung}{section.3.1}% 10
\BOOKMARK [1][-]{section.3.2}{Toolauswahl}{chapter.3}% 11
\BOOKMARK [2][-]{subsection.3.2.1}{Begr\374ndung}{section.3.2}% 12
\BOOKMARK [0][-]{chapter.4}{Definition des Projekts}{}% 13
\BOOKMARK [1][-]{section.4.1}{Definition des MPD}{chapter.4}% 14
\BOOKMARK [2][-]{subsection.4.1.1}{Der MPD kann:}{section.4.1}% 15
\BOOKMARK [2][-]{subsection.4.1.2}{Der MPD kann nicht:}{section.4.1}% 16
\BOOKMARK [1][-]{section.4.2}{Definiton des MPD-Client}{chapter.4}% 17
\BOOKMARK [1][-]{section.4.3}{Grafische \334bersicht}{chapter.4}% 18
\BOOKMARK [0][-]{chapter.5}{Lastenheft}{}% 19
\BOOKMARK [1][-]{section.5.1}{Zielbestimmungen}{chapter.5}% 20
\BOOKMARK [2][-]{subsection.5.1.1}{Projektbeteiligte}{section.5.1}% 21
\BOOKMARK [1][-]{section.5.2}{Produkteinsatz}{chapter.5}% 22
\BOOKMARK [1][-]{section.5.3}{Produktfunktionen}{chapter.5}% 23
\BOOKMARK [2][-]{subsection.5.3.1}{Benutzerfunktionen}{section.5.3}% 24
\BOOKMARK [2][-]{subsection.5.3.2}{Administrator-Funktionen}{section.5.3}% 25
\BOOKMARK [1][-]{section.5.4}{Produktdaten}{chapter.5}% 26
\BOOKMARK [1][-]{section.5.5}{Produktleistungen}{chapter.5}% 27
\BOOKMARK [1][-]{section.5.6}{Qualit\344tsanforderungen}{chapter.5}% 28
\BOOKMARK [1][-]{section.5.7}{Erg\344nzungen}{chapter.5}% 29
\BOOKMARK [2][-]{subsection.5.7.1}{Realisierung}{section.5.7}% 30
\BOOKMARK [2][-]{subsection.5.7.2}{Die n\344chste Version}{section.5.7}% 31
\BOOKMARK [0][-]{chapter.6}{Pflichtenheft}{}% 32
\BOOKMARK [1][-]{section.6.1}{Zielbestimmungen}{chapter.6}% 33
\BOOKMARK [2][-]{subsection.6.1.1}{Muss-Kriterien}{section.6.1}% 34
\BOOKMARK [2][-]{subsection.6.1.2}{Wunsch-Kriterien}{section.6.1}% 35
\BOOKMARK [2][-]{subsection.6.1.3}{Abgrenzungskriterien}{section.6.1}% 36
\BOOKMARK [1][-]{section.6.2}{Produkteinsatz}{chapter.6}% 37
\BOOKMARK [2][-]{subsection.6.2.1}{Anwendungsbereiche}{section.6.2}% 38
\BOOKMARK [2][-]{subsection.6.2.2}{Zielgruppen}{section.6.2}% 39
\BOOKMARK [2][-]{subsection.6.2.3}{Betriebsbedingungen}{section.6.2}% 40
\BOOKMARK [1][-]{section.6.3}{Produktumgebung}{chapter.6}% 41
\BOOKMARK [2][-]{subsection.6.3.1}{Software}{section.6.3}% 42
\BOOKMARK [2][-]{subsection.6.3.2}{Hardware}{section.6.3}% 43
\BOOKMARK [2][-]{subsection.6.3.3}{Orgware}{section.6.3}% 44
\BOOKMARK [1][-]{section.6.4}{Produktfunktionen}{chapter.6}% 45
\BOOKMARK [2][-]{subsection.6.4.1}{Allgemeine Funktionen}{section.6.4}% 46
\BOOKMARK [2][-]{subsection.6.4.2}{Benutzerfunktionen}{section.6.4}% 47
\BOOKMARK [2][-]{subsection.6.4.3}{Abspielfunktionen}{section.6.4}% 48
\BOOKMARK [2][-]{subsection.6.4.4}{Administrator-Funktionen}{section.6.4}% 49
\BOOKMARK [1][-]{section.6.5}{Produktdaten}{chapter.6}% 50
\BOOKMARK [1][-]{section.6.6}{Produktleistungen}{chapter.6}% 51
\BOOKMARK [1][-]{section.6.7}{Qualit\344tsanforderungen}{chapter.6}% 52
\BOOKMARK [1][-]{section.6.8}{Globale Testszenarien und Testf\344lle}{chapter.6}% 53
\BOOKMARK [1][-]{section.6.9}{Entwicklungsumgebung}{chapter.6}% 54
\BOOKMARK [2][-]{subsection.6.9.1}{Software}{section.6.9}% 55
\BOOKMARK [2][-]{subsection.6.9.2}{Hardware}{section.6.9}% 56
\BOOKMARK [2][-]{subsection.6.9.3}{Orgware}{section.6.9}% 57
\BOOKMARK [1][-]{section.6.10}{Erg\344nzungen}{chapter.6}% 58
\BOOKMARK [1][-]{section.6.11}{Glossar}{chapter.6}% 59
\BOOKMARK [0][-]{chapter.7}{Design-Dokument}{}% 60
\BOOKMARK [1][-]{section.7.1}{Einleitung}{chapter.7}% 61
\BOOKMARK [1][-]{section.7.2}{Softwarearchitektur}{chapter.7}% 62
\BOOKMARK [2][-]{subsection.7.2.1}{Architekutr\374bersicht}{section.7.2}% 63
\BOOKMARK [2][-]{subsection.7.2.2}{Funktionen}{section.7.2}% 64
\BOOKMARK [2][-]{subsection.7.2.3}{Oberfl\344che}{section.7.2}% 65
\BOOKMARK [2][-]{subsection.7.2.4}{Short-Cuts}{section.7.2}% 66
\BOOKMARK [1][-]{section.7.3}{Use-Case-F\344lle}{chapter.7}% 67
\BOOKMARK [2][-]{subsection.7.3.1}{Musik abspielen}{section.7.3}% 68
\BOOKMARK [2][-]{subsection.7.3.2}{Musik zuf\344llig abspielen}{section.7.3}% 69
\BOOKMARK [2][-]{subsection.7.3.3}{Musik im Consume Mode abspielen}{section.7.3}% 70
\BOOKMARK [2][-]{subsection.7.3.4}{Playlist erstellen}{section.7.3}% 71
